AMD4RTX3090GPU14:816307:816482 [1] NCCL INFO Bootstrap : Using enp36s0f0:192.168.1.230<0>
AMD4RTX3090GPU14:816307:816482 [1] NCCL INFO NET/Plugin : No plugin found (libnccl-net.so), using internal implementation
AMD4RTX3090GPU14:816307:816482 [0] NCCL INFO cudaDriverVersion 11060
NCCL version 2.13.4+cudaCUDA_MAJOR.CUDA_MINOR
AMD4RTX3090GPU14:816307:817228 [0] NCCL INFO Failed to open libibverbs.so[.1]
AMD4RTX3090GPU14:816307:817228 [0] NCCL INFO NET/Socket : Using [0]enp36s0f0:192.168.1.230<0>
AMD4RTX3090GPU14:816307:817228 [0] NCCL INFO Using network Socket
AMD4RTX3090GPU14:816307:817229 [1] NCCL INFO Using network Socket
AMD4RTX3090GPU14:816307:817229 [1] NCCL INFO P2P is disabled between connected GPUs 2 and 1. You can repress this message with NCCL_IGNORE_DISABLED_P2P=1.
AMD4RTX3090GPU14:816307:817229 [1] NCCL INFO P2P is disabled between connected GPUs 2 and 1. You can repress this message with NCCL_IGNORE_DISABLED_P2P=1.
AMD4RTX3090GPU14:816307:817229 [1] NCCL INFO Could not enable P2P between dev 1(=41000) and dev 0(=2d000)
AMD4RTX3090GPU14:816307:817229 [1] NCCL INFO P2P is disabled between connected GPUs 1 and 2. You can repress this message with NCCL_IGNORE_DISABLED_P2P=1.
AMD4RTX3090GPU14:816307:817229 [1] NCCL INFO P2P is disabled between connected GPUs 1 and 2. You can repress this message with NCCL_IGNORE_DISABLED_P2P=1.
AMD4RTX3090GPU14:816307:817229 [1] NCCL INFO Could not enable P2P between dev 0(=2d000) and dev 1(=41000)
AMD4RTX3090GPU14:816307:817229 [1] NCCL INFO P2P is disabled between connected GPUs 2 and 1. You can repress this message with NCCL_IGNORE_DISABLED_P2P=1.
AMD4RTX3090GPU14:816307:817229 [1] NCCL INFO P2P is disabled between connected GPUs 2 and 1. You can repress this message with NCCL_IGNORE_DISABLED_P2P=1.
AMD4RTX3090GPU14:816307:817229 [1] NCCL INFO Could not enable P2P between dev 1(=41000) and dev 0(=2d000)
AMD4RTX3090GPU14:816307:817229 [1] NCCL INFO P2P is disabled between connected GPUs 1 and 2. You can repress this message with NCCL_IGNORE_DISABLED_P2P=1.
AMD4RTX3090GPU14:816307:817229 [1] NCCL INFO P2P is disabled between connected GPUs 1 and 2. You can repress this message with NCCL_IGNORE_DISABLED_P2P=1.
AMD4RTX3090GPU14:816307:817229 [1] NCCL INFO Could not enable P2P between dev 0(=2d000) and dev 1(=41000)
AMD4RTX3090GPU14:816307:817228 [0] NCCL INFO P2P is disabled between connected GPUs 2 and 1. You can repress this message with NCCL_IGNORE_DISABLED_P2P=1.
AMD4RTX3090GPU14:816307:817228 [0] NCCL INFO P2P is disabled between connected GPUs 2 and 1. You can repress this message with NCCL_IGNORE_DISABLED_P2P=1.
AMD4RTX3090GPU14:816307:817228 [0] NCCL INFO Could not enable P2P between dev 1(=41000) and dev 0(=2d000)
AMD4RTX3090GPU14:816307:817228 [0] NCCL INFO P2P is disabled between connected GPUs 1 and 2. You can repress this message with NCCL_IGNORE_DISABLED_P2P=1.
AMD4RTX3090GPU14:816307:817228 [0] NCCL INFO P2P is disabled between connected GPUs 1 and 2. You can repress this message with NCCL_IGNORE_DISABLED_P2P=1.
AMD4RTX3090GPU14:816307:817228 [0] NCCL INFO Could not enable P2P between dev 0(=2d000) and dev 1(=41000)
AMD4RTX3090GPU14:816307:817228 [0] NCCL INFO P2P is disabled between connected GPUs 2 and 1. You can repress this message with NCCL_IGNORE_DISABLED_P2P=1.
AMD4RTX3090GPU14:816307:817228 [0] NCCL INFO P2P is disabled between connected GPUs 2 and 1. You can repress this message with NCCL_IGNORE_DISABLED_P2P=1.
AMD4RTX3090GPU14:816307:817228 [0] NCCL INFO Could not enable P2P between dev 1(=41000) and dev 0(=2d000)
AMD4RTX3090GPU14:816307:817228 [0] NCCL INFO P2P is disabled between connected GPUs 1 and 2. You can repress this message with NCCL_IGNORE_DISABLED_P2P=1.
AMD4RTX3090GPU14:816307:817228 [0] NCCL INFO P2P is disabled between connected GPUs 1 and 2. You can repress this message with NCCL_IGNORE_DISABLED_P2P=1.
AMD4RTX3090GPU14:816307:817228 [0] NCCL INFO Could not enable P2P between dev 0(=2d000) and dev 1(=41000)
AMD4RTX3090GPU14:816307:817229 [1] NCCL INFO Trees [0] -1/-1/-1->1->0 [1] 0/-1/-1->1->-1 [2] -1/-1/-1->1->0 [3] 0/-1/-1->1->-1
AMD4RTX3090GPU14:816307:817228 [0] NCCL INFO Channel 00/04 :    0   1
AMD4RTX3090GPU14:816307:817228 [0] NCCL INFO Channel 01/04 :    0   1
AMD4RTX3090GPU14:816307:817228 [0] NCCL INFO Channel 02/04 :    0   1
AMD4RTX3090GPU14:816307:817228 [0] NCCL INFO Channel 03/04 :    0   1
AMD4RTX3090GPU14:816307:817228 [0] NCCL INFO Trees [0] 1/-1/-1->0->-1 [1] -1/-1/-1->0->1 [2] 1/-1/-1->0->-1 [3] -1/-1/-1->0->1
AMD4RTX3090GPU14:816307:817229 [1] NCCL INFO P2P is disabled between connected GPUs 2 and 1. You can repress this message with NCCL_IGNORE_DISABLED_P2P=1.
AMD4RTX3090GPU14:816307:817229 [1] NCCL INFO Could not enable P2P between dev 1(=41000) and dev 0(=2d000)
AMD4RTX3090GPU14:816307:817228 [0] NCCL INFO P2P is disabled between connected GPUs 1 and 2. You can repress this message with NCCL_IGNORE_DISABLED_P2P=1.
AMD4RTX3090GPU14:816307:817228 [0] NCCL INFO Could not enable P2P between dev 0(=2d000) and dev 1(=41000)
AMD4RTX3090GPU14:816307:817229 [1] NCCL INFO P2P is disabled between connected GPUs 2 and 1. You can repress this message with NCCL_IGNORE_DISABLED_P2P=1.
AMD4RTX3090GPU14:816307:817229 [1] NCCL INFO Could not enable P2P between dev 1(=41000) and dev 0(=2d000)
AMD4RTX3090GPU14:816307:817228 [0] NCCL INFO P2P is disabled between connected GPUs 1 and 2. You can repress this message with NCCL_IGNORE_DISABLED_P2P=1.
AMD4RTX3090GPU14:816307:817228 [0] NCCL INFO Could not enable P2P between dev 0(=2d000) and dev 1(=41000)
AMD4RTX3090GPU14:816307:817229 [1] NCCL INFO P2P is disabled between connected GPUs 2 and 1. You can repress this message with NCCL_IGNORE_DISABLED_P2P=1.
AMD4RTX3090GPU14:816307:817229 [1] NCCL INFO Could not enable P2P between dev 1(=41000) and dev 0(=2d000)
AMD4RTX3090GPU14:816307:817229 [1] NCCL INFO P2P is disabled between connected GPUs 2 and 1. You can repress this message with NCCL_IGNORE_DISABLED_P2P=1.
AMD4RTX3090GPU14:816307:817229 [1] NCCL INFO Could not enable P2P between dev 1(=41000) and dev 0(=2d000)
AMD4RTX3090GPU14:816307:817228 [0] NCCL INFO P2P is disabled between connected GPUs 1 and 2. You can repress this message with NCCL_IGNORE_DISABLED_P2P=1.
AMD4RTX3090GPU14:816307:817228 [0] NCCL INFO Could not enable P2P between dev 0(=2d000) and dev 1(=41000)
AMD4RTX3090GPU14:816307:817229 [1] NCCL INFO P2P is disabled between connected GPUs 2 and 1. You can repress this message with NCCL_IGNORE_DISABLED_P2P=1.
AMD4RTX3090GPU14:816307:817229 [1] NCCL INFO Could not enable P2P between dev 1(=41000) and dev 0(=2d000)
AMD4RTX3090GPU14:816307:817229 [1] NCCL INFO Channel 00 : 1[41000] -> 0[2d000] via SHM/direct/direct
AMD4RTX3090GPU14:816307:817229 [1] NCCL INFO P2P is disabled between connected GPUs 2 and 1. You can repress this message with NCCL_IGNORE_DISABLED_P2P=1.
AMD4RTX3090GPU14:816307:817229 [1] NCCL INFO Could not enable P2P between dev 1(=41000) and dev 0(=2d000)
AMD4RTX3090GPU14:816307:817229 [1] NCCL INFO Channel 01 : 1[41000] -> 0[2d000] via SHM/direct/direct
AMD4RTX3090GPU14:816307:817229 [1] NCCL INFO P2P is disabled between connected GPUs 2 and 1. You can repress this message with NCCL_IGNORE_DISABLED_P2P=1.
AMD4RTX3090GPU14:816307:817229 [1] NCCL INFO Could not enable P2P between dev 1(=41000) and dev 0(=2d000)
AMD4RTX3090GPU14:816307:817229 [1] NCCL INFO Channel 02 : 1[41000] -> 0[2d000] via SHM/direct/direct
AMD4RTX3090GPU14:816307:817229 [1] NCCL INFO P2P is disabled between connected GPUs 2 and 1. You can repress this message with NCCL_IGNORE_DISABLED_P2P=1.
AMD4RTX3090GPU14:816307:817229 [1] NCCL INFO Could not enable P2P between dev 1(=41000) and dev 0(=2d000)
AMD4RTX3090GPU14:816307:817229 [1] NCCL INFO Channel 03 : 1[41000] -> 0[2d000] via SHM/direct/direct
AMD4RTX3090GPU14:816307:817228 [0] NCCL INFO P2P is disabled between connected GPUs 1 and 2. You can repress this message with NCCL_IGNORE_DISABLED_P2P=1.
AMD4RTX3090GPU14:816307:817228 [0] NCCL INFO Could not enable P2P between dev 0(=2d000) and dev 1(=41000)
AMD4RTX3090GPU14:816307:817228 [0] NCCL INFO P2P is disabled between connected GPUs 1 and 2. You can repress this message with NCCL_IGNORE_DISABLED_P2P=1.
AMD4RTX3090GPU14:816307:817228 [0] NCCL INFO Could not enable P2P between dev 0(=2d000) and dev 1(=41000)
AMD4RTX3090GPU14:816307:817228 [0] NCCL INFO Channel 00 : 0[2d000] -> 1[41000] via SHM/direct/direct
AMD4RTX3090GPU14:816307:817228 [0] NCCL INFO P2P is disabled between connected GPUs 1 and 2. You can repress this message with Ndict_keys(['object_count', 'idx_to_label', 'predicate_to_idx', 'predicate_count', 'idx_to_predicate', 'label_to_idx', 'attribute_count', 'idx_to_attribute', 'attribute_to_idx'])
CCL_IGNORE_DISABLED_P2P=1.
AMD4RTX3090GPU14:816307:817228 [0] NCCL INFO Could not enable P2P between dev 0(=2d000) and dev 1(=41000)
AMD4RTX3090GPU14:816307:817228 [0] NCCL INFO Channel 01 : 0[2d000] -> 1[41000] via SHM/direct/direct
AMD4RTX3090GPU14:816307:817228 [0] NCCL INFO P2P is disabled between connected GPUs 1 and 2. You can repress this message with NCCL_IGNORE_DISABLED_P2P=1.
AMD4RTX3090GPU14:816307:817228 [0] NCCL INFO Could not enable P2P between dev 0(=2d000) and dev 1(=41000)
AMD4RTX3090GPU14:816307:817228 [0] NCCL INFO Channel 02 : 0[2d000] -> 1[41000] via SHM/direct/direct
AMD4RTX3090GPU14:816307:817228 [0] NCCL INFO P2P is disabled between connected GPUs 1 and 2. You can repress this message with NCCL_IGNORE_DISABLED_P2P=1.
AMD4RTX3090GPU14:816307:817228 [0] NCCL INFO Could not enable P2P between dev 0(=2d000) and dev 1(=41000)
AMD4RTX3090GPU14:816307:817228 [0] NCCL INFO Channel 03 : 0[2d000] -> 1[41000] via SHM/direct/direct
AMD4RTX3090GPU14:816307:817229 [1] NCCL INFO Connected all rings
AMD4RTX3090GPU14:816307:817229 [1] NCCL INFO Connected all trees
AMD4RTX3090GPU14:816307:817229 [1] NCCL INFO threadThresholds 8/8/64 | 16/8/64 | 8/8/512
AMD4RTX3090GPU14:816307:817229 [1] NCCL INFO 4 coll channels, 4 p2p channels, 2 p2p channels per peer
AMD4RTX3090GPU14:816307:817228 [0] NCCL INFO Connected all rings
AMD4RTX3090GPU14:816307:817228 [0] NCCL INFO Connected all trees
AMD4RTX3090GPU14:816307:817228 [0] NCCL INFO threadThresholds 8/8/64 | 16/8/64 | 8/8/512
AMD4RTX3090GPU14:816307:817228 [0] NCCL INFO 4 coll channels, 4 p2p channels, 2 p2p channels per peer
AMD4RTX3090GPU14:816307:817229 [1] NCCL INFO comm 0x7f1b54002c80 rank 1 nranks 2 cudaDev 1 busId 41000 - Init COMPLETE
AMD4RTX3090GPU14:816307:817228 [0] NCCL INFO comm 0x7f1b60002c80 rank 0 nranks 2 cudaDev 0 busId 2d000 - Init COMPLETE
